{"/Users/dca/code/project/node-api-hooks/app.js":{"path":"/Users/dca/code/project/node-api-hooks/app.js","s":{"1":1,"2":1,"3":1,"4":1,"5":1,"6":1,"7":1,"8":1,"9":1,"10":1,"11":1,"12":1,"13":1,"14":1,"15":1,"16":1,"17":1,"18":1,"19":1,"20":0,"21":0,"22":0,"23":1,"24":1,"25":0,"26":0,"27":1,"28":0,"29":0,"30":1,"31":1},"b":{"1":[1,0],"2":[0,0],"3":[0,0]},"f":{"1":1,"2":0,"3":0,"4":0},"fnMap":{"1":{"name":"initServer","line":11,"loc":{"start":{"line":11,"column":0},"end":{"line":11,"column":23}}},"2":{"name":"(anonymous_2)","line":28,"loc":{"start":{"line":28,"column":12},"end":{"line":28,"column":37}}},"3":{"name":"(anonymous_3)","line":39,"loc":{"start":{"line":39,"column":16},"end":{"line":39,"column":46}}},"4":{"name":"(anonymous_4)","line":50,"loc":{"start":{"line":50,"column":12},"end":{"line":50,"column":42}}}},"statementMap":{"1":{"start":{"line":1,"column":0},"end":{"line":1,"column":33}},"2":{"start":{"line":2,"column":0},"end":{"line":2,"column":27}},"3":{"start":{"line":3,"column":0},"end":{"line":3,"column":40}},"4":{"start":{"line":4,"column":0},"end":{"line":4,"column":31}},"5":{"start":{"line":5,"column":0},"end":{"line":5,"column":44}},"6":{"start":{"line":6,"column":0},"end":{"line":6,"column":40}},"7":{"start":{"line":8,"column":0},"end":{"line":8,"column":38}},"8":{"start":{"line":11,"column":0},"end":{"line":59,"column":1}},"9":{"start":{"line":12,"column":4},"end":{"line":12,"column":24}},"10":{"start":{"line":15,"column":4},"end":{"line":15,"column":52}},"11":{"start":{"line":16,"column":4},"end":{"line":16,"column":35}},"12":{"start":{"line":18,"column":4},"end":{"line":18,"column":23}},"13":{"start":{"line":19,"column":4},"end":{"line":19,"column":27}},"14":{"start":{"line":20,"column":4},"end":{"line":20,"column":31}},"15":{"start":{"line":21,"column":4},"end":{"line":21,"column":37}},"16":{"start":{"line":22,"column":4},"end":{"line":22,"column":28}},"17":{"start":{"line":23,"column":4},"end":{"line":23,"column":60}},"18":{"start":{"line":25,"column":4},"end":{"line":25,"column":29}},"19":{"start":{"line":28,"column":4},"end":{"line":32,"column":7}},"20":{"start":{"line":29,"column":8},"end":{"line":29,"column":41}},"21":{"start":{"line":30,"column":8},"end":{"line":30,"column":25}},"22":{"start":{"line":31,"column":8},"end":{"line":31,"column":18}},"23":{"start":{"line":38,"column":4},"end":{"line":46,"column":5}},"24":{"start":{"line":39,"column":8},"end":{"line":45,"column":11}},"25":{"start":{"line":40,"column":12},"end":{"line":40,"column":42}},"26":{"start":{"line":41,"column":12},"end":{"line":44,"column":15}},"27":{"start":{"line":50,"column":4},"end":{"line":56,"column":7}},"28":{"start":{"line":51,"column":8},"end":{"line":51,"column":38}},"29":{"start":{"line":52,"column":8},"end":{"line":55,"column":11}},"30":{"start":{"line":58,"column":4},"end":{"line":58,"column":15}},"31":{"start":{"line":62,"column":0},"end":{"line":62,"column":30}}},"branchMap":{"1":{"line":38,"type":"if","locations":[{"start":{"line":38,"column":4},"end":{"line":38,"column":4}},{"start":{"line":38,"column":4},"end":{"line":38,"column":4}}]},"2":{"line":40,"type":"binary-expr","locations":[{"start":{"line":40,"column":23},"end":{"line":40,"column":33}},{"start":{"line":40,"column":37},"end":{"line":40,"column":40}}]},"3":{"line":51,"type":"binary-expr","locations":[{"start":{"line":51,"column":19},"end":{"line":51,"column":29}},{"start":{"line":51,"column":33},"end":{"line":51,"column":36}}]}}},"/Users/dca/code/project/node-api-hooks/routes/hooks.js":{"path":"/Users/dca/code/project/node-api-hooks/routes/hooks.js","s":{"1":1,"2":1,"3":1,"4":1,"5":1,"6":1,"7":1,"8":1,"9":1,"10":1,"11":1},"b":{},"f":{"1":1},"fnMap":{"1":{"name":"hooks","line":4,"loc":{"start":{"line":4,"column":0},"end":{"line":4,"column":25}}}},"statementMap":{"1":{"start":{"line":1,"column":0},"end":{"line":1,"column":33}},"2":{"start":{"line":2,"column":0},"end":{"line":2,"column":30}},"3":{"start":{"line":4,"column":0},"end":{"line":18,"column":1}},"4":{"start":{"line":6,"column":1},"end":{"line":6,"column":24}},"5":{"start":{"line":7,"column":1},"end":{"line":7,"column":23}},"6":{"start":{"line":9,"column":1},"end":{"line":9,"column":45}},"7":{"start":{"line":10,"column":1},"end":{"line":10,"column":51}},"8":{"start":{"line":12,"column":1},"end":{"line":16,"column":4}},"9":{"start":{"line":22,"column":0},"end":{"line":22,"column":23}},"10":{"start":{"line":23,"column":0},"end":{"line":23,"column":24}},"11":{"start":{"line":25,"column":0},"end":{"line":25,"column":24}}},"branchMap":{}}}