TN:
SF:/Users/dca/code/project/node-api-hooks/app.js
FN:11,initServer
FN:28,(anonymous_2)
FN:39,(anonymous_3)
FN:50,(anonymous_4)
FNF:4
FNH:1
FNDA:1,initServer
FNDA:0,(anonymous_2)
FNDA:0,(anonymous_3)
FNDA:0,(anonymous_4)
DA:1,1
DA:2,1
DA:3,1
DA:4,1
DA:5,1
DA:6,1
DA:8,1
DA:11,1
DA:12,1
DA:15,1
DA:16,1
DA:18,1
DA:19,1
DA:20,1
DA:21,1
DA:22,1
DA:23,1
DA:25,1
DA:28,1
DA:29,0
DA:30,0
DA:31,0
DA:38,1
DA:39,1
DA:40,0
DA:41,0
DA:50,1
DA:51,0
DA:52,0
DA:58,1
DA:62,1
LF:31
LH:24
BRDA:38,1,0,1
BRDA:38,1,1,0
BRDA:40,2,0,0
BRDA:40,2,1,0
BRDA:51,3,0,0
BRDA:51,3,1,0
BRF:6
BRH:1
end_of_record
TN:
SF:/Users/dca/code/project/node-api-hooks/routes/hooks.js
FN:4,hooks
FNF:1
FNH:1
FNDA:1,hooks
DA:1,1
DA:2,1
DA:4,1
DA:6,1
DA:7,1
DA:9,1
DA:10,1
DA:12,1
DA:22,1
DA:23,1
DA:25,1
LF:11
LH:11
BRF:0
BRH:0
end_of_record
